{
  "stats": {
    "suites": 1,
    "tests": 2,
    "passes": 2,
    "pending": 0,
    "failures": 0,
    "start": "2025-09-18T04:40:33.188Z",
    "end": "2025-09-18T04:40:48.605Z",
    "duration": 15417,
    "testsRegistered": 2,
    "passPercent": 100,
    "pendingPercent": 0,
    "other": 0,
    "hasOther": false,
    "skipped": 0,
    "hasSkipped": false
  },
  "results": [
    {
      "uuid": "a5d7be4a-3d2a-42b8-8241-1a05cb51c693",
      "title": "",
      "fullFile": "cypress\\e2e\\reporting.cy.js",
      "file": "cypress\\e2e\\reporting.cy.js",
      "beforeHooks": [],
      "afterHooks": [],
      "tests": [],
      "suites": [
        {
          "uuid": "7b9213b6-624a-47cc-82f3-6f98bf55c72d",
          "title": "OrangeHRM Login Tests",
          "fullFile": "",
          "file": "",
          "beforeHooks": [],
          "afterHooks": [],
          "tests": [
            {
              "title": "successful login with valid credentials",
              "fullTitle": "OrangeHRM Login Tests successful login with valid credentials",
              "timedOut": null,
              "duration": 9918,
              "state": "passed",
              "speed": "medium",
              "pass": true,
              "fail": false,
              "pending": false,
              "context": "{\n  \"title\": \"cypress-mochawesome-reporter-videos-passed\",\n  \"value\": \"cypress\\\\e2e\\\\reporting.cy.js\"\n}",
              "code": "cy.visit('/web/index.php/auth/login');\ncy.get('input[name=\"username\"]').type('Admin');\ncy.get('input[name=\"password\"]').type('admin123');\ncy.get('button[type=\"submit\"]').click();\ncy.url().should('include', '/dashboard');\ncy.get('.oxd-topbar-header-title').should('contain', 'Dashboard');",
              "err": {},
              "uuid": "74dd865b-9c31-482a-a4cb-5389bb622317",
              "parentUUID": "7b9213b6-624a-47cc-82f3-6f98bf55c72d",
              "isHook": false,
              "skipped": false
            },
            {
              "title": "failed login with invalid credentials",
              "fullTitle": "OrangeHRM Login Tests failed login with invalid credentials",
              "timedOut": null,
              "duration": 5109,
              "state": "passed",
              "speed": "medium",
              "pass": true,
              "fail": false,
              "pending": false,
              "context": "{\n  \"title\": \"cypress-mochawesome-reporter-videos-passed\",\n  \"value\": \"cypress\\\\e2e\\\\reporting.cy.js\"\n}",
              "code": "cy.visit('/web/index.php/auth/login');\ncy.get('input[name=\"username\"]').type('InvalidUser');\ncy.get('input[name=\"password\"]').type('InvalidPass');\ncy.get('button[type=\"submit\"]').click();\ncy.get('.oxd-alert-content').should('be.visible');",
              "err": {},
              "uuid": "923a38ec-8cfd-4419-8735-29929f0b60d2",
              "parentUUID": "7b9213b6-624a-47cc-82f3-6f98bf55c72d",
              "isHook": false,
              "skipped": false
            }
          ],
          "suites": [],
          "passes": [
            "74dd865b-9c31-482a-a4cb-5389bb622317",
            "923a38ec-8cfd-4419-8735-29929f0b60d2"
          ],
          "failures": [],
          "pending": [],
          "skipped": [],
          "duration": 15027,
          "root": false,
          "rootEmpty": false,
          "_timeout": 2000
        }
      ],
      "passes": [],
      "failures": [],
      "pending": [],
      "skipped": [],
      "duration": 0,
      "root": true,
      "rootEmpty": true,
      "_timeout": 2000
    }
  ],
  "meta": {
    "mocha": {
      "version": "7.2.0"
    },
    "mochawesome": {
      "options": {
        "quiet": false,
        "reportFilename": "mochawesome",
        "saveHtml": true,
        "saveJson": true,
        "consoleReporter": "spec",
        "useInlineDiffs": false,
        "code": true
      },
      "version": "7.1.4"
    },
    "marge": {
      "options": {
        "reportDir": "cypress/reports",
        "overwrite": false,
        "html": true,
        "json": true,
        "charts": true,
        "reportPageTitle": "OrangeHRM Test Report",
        "embeddedScreenshots": true,
        "inlineAssets": true,
        "saveAllAttempts": false
      },
      "version": "6.3.0"
    }
  }
}